<?xml version="1.0" encoding="UTF-8"?>
<testsuite name="Sign in" tests="2" skipped="0" failures="0" errors="0" timestamp="2021-06-18T05:41:16" hostname="DESKTOP-J5F13V4" time="200.454">
  <properties/>
  <testcase name="RegisterUser" classname="Sign in" time="103.744"/>
  <testcase name="RegisterUser" classname="Sign in" time="96.68"/>
  <system-out><![CDATA[]]></system-out>
  <system-err><![CDATA[jun 18, 2021 12:41:17 AM org.openqa.selenium.remote.DesiredCapabilities chrome
INFORMACIÓN: Using `new ChromeOptions()` is preferred to `DesiredCapabilities.chrome()`
[Test worker] INFO net.serenitybdd.core.webdriver.driverproviders.ProvideNewDriver - Instantiating driver
[Test worker] INFO net.serenitybdd.core.webdriver.driverproviders.ProvideNewDriver - Driver capabilities: Capabilities {acceptInsecureCerts: false, browserName: chrome, chrome.switches: --start-maximized, --incognito, goog:chromeOptions: {args: [--start-maximized, --incognito], extensions: []}, loggingPrefs: org.openqa.selenium.logging..., platform: ANY, version: }
Starting ChromeDriver 90.0.4430.24 (4c6d850f087da467d926e8eddb76550aed655991-refs/branch-heads/4430@{#429}) on port 4430
Only local connections are allowed.
Please see https://chromedriver.chromium.org/security-considerations for suggestions on keeping ChromeDriver safe.
ChromeDriver was started successfully.
[1623994881.560][WARNING]: This version of ChromeDriver has not been tested with Chrome version 91.
jun 18, 2021 12:41:22 AM org.openqa.selenium.remote.ProtocolHandshake createSession
INFORMACIÓN: Detected dialect: W3C
[1623994898.860][SEVERE]: Timed out receiving message from renderer: 10.000
[1623994898.861][WARNING]: screenshot failed, retrying timeout: Timed out receiving message from renderer: 10.000
[1623994908.873][SEVERE]: Timed out receiving message from renderer: 10.000
[1623994918.898][SEVERE]: Timed out receiving message from renderer: 10.000
[1623994918.899][WARNING]: screenshot failed, retrying timeout: Timed out receiving message from renderer: 10.000
[1623994928.903][SEVERE]: Timed out receiving message from renderer: 10.000
[Test worker] INFO net.thucydides.core.steps.ConsoleLoggingListener - 
        __    _____ _____ ____ _____   ____   _    ____  ____  _____ ____  
  _     \ \  |_   _| ____/ ___|_   _| |  _ \ / \  / ___|/ ___|| ____|  _ \ 
 (_)_____| |   | | |  _| \___ \ | |   | |_) / _ \ \___ \\___ \|  _| | | | |
  _|_____| |   | | | |___ ___) || |   |  __/ ___ \ ___) |___) | |___| |_| |
 (_)     | |   |_| |_____|____/ |_|   |_| /_/   \_\____/|____/|_____|____/ 
        /_/                                                                

TEST PASSED: Register user
----------------------------------------------------------------------------
jun 18, 2021 12:43:00 AM org.openqa.selenium.remote.DesiredCapabilities chrome
INFORMACIÓN: Using `new ChromeOptions()` is preferred to `DesiredCapabilities.chrome()`
[Test worker] INFO net.serenitybdd.core.webdriver.driverproviders.ProvideNewDriver - Instantiating driver
[Test worker] INFO net.serenitybdd.core.webdriver.driverproviders.ProvideNewDriver - Driver capabilities: Capabilities {acceptInsecureCerts: false, browserName: chrome, chrome.switches: --start-maximized, --incognito, goog:chromeOptions: {args: [--start-maximized, --incognito], extensions: []}, loggingPrefs: org.openqa.selenium.logging..., platform: ANY, version: }
Starting ChromeDriver 90.0.4430.24 (4c6d850f087da467d926e8eddb76550aed655991-refs/branch-heads/4430@{#429}) on port 5781
Only local connections are allowed.
Please see https://chromedriver.chromium.org/security-considerations for suggestions on keeping ChromeDriver safe.
ChromeDriver was started successfully.
[1623994983.011][WARNING]: This version of ChromeDriver has not been tested with Chrome version 91.
jun 18, 2021 12:43:03 AM org.openqa.selenium.remote.ProtocolHandshake createSession
INFORMACIÓN: Detected dialect: W3C
[1623994999.689][SEVERE]: Timed out receiving message from renderer: 10.000
[1623994999.689][WARNING]: screenshot failed, retrying timeout: Timed out receiving message from renderer: 10.000
[1623995009.696][SEVERE]: Timed out receiving message from renderer: 10.000
[1623995019.722][SEVERE]: Timed out receiving message from renderer: 10.000
[1623995019.723][WARNING]: screenshot failed, retrying timeout: Timed out receiving message from renderer: 10.000
[1623995029.727][SEVERE]: Timed out receiving message from renderer: 10.000
[Test worker] INFO net.thucydides.core.steps.ConsoleLoggingListener - 
        __    _____ _____ ____ _____   ____   _    ____  ____  _____ ____  
  _     \ \  |_   _| ____/ ___|_   _| |  _ \ / \  / ___|/ ___|| ____|  _ \ 
 (_)_____| |   | | |  _| \___ \ | |   | |_) / _ \ \___ \\___ \|  _| | | | |
  _|_____| |   | | | |___ ___) || |   |  __/ ___ \ ___) |___) | |___| |_| |
 (_)     | |   |_| |_____|____/ |_|   |_| /_/   \_\____/|____/|_____|____/ 
        /_/                                                                

TEST PASSED: Register user
----------------------------------------------------------------------------
]]></system-err>
</testsuite>
